Full thread dump Java HotSpot(TM) 64-Bit Server VM (25.66-b17 mixed mode):

"Attach Listener" #12 daemon prio=9 os_prio=0 tid=0x00007f1a2c001000 nid=0x2ae5 waiting on condition [0x0000000000000000]
   java.lang.Thread.State: RUNNABLE

"DestroyJavaVM" #11 prio=5 os_prio=0 tid=0x00007f1a50009800 nid=0x2a5e waiting on condition [0x0000000000000000]
   java.lang.Thread.State: RUNNABLE

"AIO-AsyncTimeServerHandler-001" #10 prio=5 os_prio=0 tid=0x00007f1a50109000 nid=0x2a69 waiting on condition [0x00007f1a23efd000]
   java.lang.Thread.State: WAITING (parking)
	at sun.misc.Unsafe.park(Native Method)
	- parking to wait for  <0x00000000f0855950> (a java.util.concurrent.CountDownLatch$Sync)
	at java.util.concurrent.locks.LockSupport.park(LockSupport.java:175)
	at java.util.concurrent.locks.AbstractQueuedSynchronizer.parkAndCheckInterrupt(AbstractQueuedSynchronizer.java:836)
	at java.util.concurrent.locks.AbstractQueuedSynchronizer.doAcquireSharedInterruptibly(AbstractQueuedSynchronizer.java:997)
	at java.util.concurrent.locks.AbstractQueuedSynchronizer.acquireSharedInterruptibly(AbstractQueuedSynchronizer.java:1304)
	at java.util.concurrent.CountDownLatch.await(CountDownLatch.java:231)
	at AsyncTimeServerHandler.run(AsyncTimeServerHandler.java:29)
	at java.lang.Thread.run(Thread.java:745)

"Thread-1" #9 daemon prio=5 os_prio=0 tid=0x00007f1a50106800 nid=0x2a68 waiting on condition [0x00007f1a23ffe000]
   java.lang.Thread.State: WAITING (parking)
	at sun.misc.Unsafe.park(Native Method)
	- parking to wait for  <0x00000000f07fb000> (a java.util.concurrent.locks.AbstractQueuedSynchronizer$ConditionObject)
	at java.util.concurrent.locks.LockSupport.park(LockSupport.java:175)
	at java.util.concurrent.locks.AbstractQueuedSynchronizer$ConditionObject.await(AbstractQueuedSynchronizer.java:2039)
	at java.util.concurrent.ArrayBlockingQueue.take(ArrayBlockingQueue.java:403)
	at sun.nio.ch.EPollPort$EventHandlerTask.run(EPollPort.java:262)
	at sun.nio.ch.AsynchronousChannelGroupImpl$1.run(AsynchronousChannelGroupImpl.java:112)
	at java.util.concurrent.ThreadPoolExecutor.runWorker(ThreadPoolExecutor.java:1142)
	at java.util.concurrent.ThreadPoolExecutor$Worker.run(ThreadPoolExecutor.java:617)
	at java.lang.Thread.run(Thread.java:745)

"Thread-0" #8 daemon prio=5 os_prio=0 tid=0x00007f1a50104800 nid=0x2a67 runnable [0x00007f1a401f1000]
   java.lang.Thread.State: RUNNABLE
	at sun.nio.ch.EPoll.epollWait(Native Method)
	at sun.nio.ch.EPollPort$EventHandlerTask.poll(EPollPort.java:194)
	at sun.nio.ch.EPollPort$EventHandlerTask.run(EPollPort.java:268)
	at java.lang.Thread.run(Thread.java:745)

"Service Thread" #7 daemon prio=9 os_prio=0 tid=0x00007f1a500b5000 nid=0x2a65 runnable [0x0000000000000000]
   java.lang.Thread.State: RUNNABLE

"C1 CompilerThread1" #6 daemon prio=9 os_prio=0 tid=0x00007f1a500af800 nid=0x2a64 waiting on condition [0x0000000000000000]
   java.lang.Thread.State: RUNNABLE

"C2 CompilerThread0" #5 daemon prio=9 os_prio=0 tid=0x00007f1a500ad800 nid=0x2a63 waiting on condition [0x0000000000000000]
   java.lang.Thread.State: RUNNABLE

"Signal Dispatcher" #4 daemon prio=9 os_prio=0 tid=0x00007f1a500ac000 nid=0x2a62 runnable [0x0000000000000000]
   java.lang.Thread.State: RUNNABLE

"Finalizer" #3 daemon prio=8 os_prio=0 tid=0x00007f1a50075000 nid=0x2a61 in Object.wait() [0x00007f1a543b3000]
   java.lang.Thread.State: WAITING (on object monitor)
	at java.lang.Object.wait(Native Method)
	- waiting on <0x00000000f06070b8> (a java.lang.ref.ReferenceQueue$Lock)
	at java.lang.ref.ReferenceQueue.remove(ReferenceQueue.java:143)
	- locked <0x00000000f06070b8> (a java.lang.ref.ReferenceQueue$Lock)
	at java.lang.ref.ReferenceQueue.remove(ReferenceQueue.java:164)
	at java.lang.ref.Finalizer$FinalizerThread.run(Finalizer.java:209)

"Reference Handler" #2 daemon prio=10 os_prio=0 tid=0x00007f1a50073000 nid=0x2a60 in Object.wait() [0x00007f1a544b4000]
   java.lang.Thread.State: WAITING (on object monitor)
	at java.lang.Object.wait(Native Method)
	- waiting on <0x00000000f0606af8> (a java.lang.ref.Reference$Lock)
	at java.lang.Object.wait(Object.java:502)
	at java.lang.ref.Reference$ReferenceHandler.run(Reference.java:157)
	- locked <0x00000000f0606af8> (a java.lang.ref.Reference$Lock)

"VM Thread" os_prio=0 tid=0x00007f1a5006e000 nid=0x2a5f runnable 

"VM Periodic Task Thread" os_prio=0 tid=0x00007f1a500b8000 nid=0x2a66 waiting on condition 

JNI global references: 316

