Full thread dump Java HotSpot(TM) 64-Bit Server VM (25.66-b17 mixed mode):

"Attach Listener" #9 daemon prio=9 os_prio=0 tid=0x00007fdd6c001000 nid=0x1546 waiting on condition [0x0000000000000000]
   java.lang.Thread.State: RUNNABLE

"Thread-0" #8 prio=5 os_prio=0 tid=0x00007fdd900d9000 nid=0x151c runnable [0x00007fdd94f2b000]
   java.lang.Thread.State: RUNNABLE
	at java.net.SocketInputStream.socketRead0(Native Method)
	at java.net.SocketInputStream.socketRead(SocketInputStream.java:116)
	at java.net.SocketInputStream.read(SocketInputStream.java:170)
	at java.net.SocketInputStream.read(SocketInputStream.java:141)
	at sun.nio.cs.StreamDecoder.readBytes(StreamDecoder.java:284)
	at sun.nio.cs.StreamDecoder.implRead(StreamDecoder.java:326)
	at sun.nio.cs.StreamDecoder.read(StreamDecoder.java:178)
	- locked <0x00000000f06850d0> (a java.io.InputStreamReader)
	at java.io.InputStreamReader.read(InputStreamReader.java:184)
	at java.io.BufferedReader.fill(BufferedReader.java:161)
	at java.io.BufferedReader.readLine(BufferedReader.java:324)
	- locked <0x00000000f06850d0> (a java.io.InputStreamReader)
	at java.io.BufferedReader.readLine(BufferedReader.java:389)
	at TimeServerHandler.run(TimeServerHandler.java:33)
	at java.lang.Thread.run(Thread.java:745)

"Service Thread" #7 daemon prio=9 os_prio=0 tid=0x00007fdd900b5000 nid=0x1504 runnable [0x0000000000000000]
   java.lang.Thread.State: RUNNABLE

"C1 CompilerThread1" #6 daemon prio=9 os_prio=0 tid=0x00007fdd900af800 nid=0x1503 waiting on condition [0x0000000000000000]
   java.lang.Thread.State: RUNNABLE

"C2 CompilerThread0" #5 daemon prio=9 os_prio=0 tid=0x00007fdd900ad800 nid=0x1502 waiting on condition [0x0000000000000000]
   java.lang.Thread.State: RUNNABLE

"Signal Dispatcher" #4 daemon prio=9 os_prio=0 tid=0x00007fdd900ac000 nid=0x1501 runnable [0x0000000000000000]
   java.lang.Thread.State: RUNNABLE

"Finalizer" #3 daemon prio=8 os_prio=0 tid=0x00007fdd90075000 nid=0x1500 in Object.wait() [0x00007fdd95e5b000]
   java.lang.Thread.State: WAITING (on object monitor)
	at java.lang.Object.wait(Native Method)
	- waiting on <0x00000000f06070b8> (a java.lang.ref.ReferenceQueue$Lock)
	at java.lang.ref.ReferenceQueue.remove(ReferenceQueue.java:143)
	- locked <0x00000000f06070b8> (a java.lang.ref.ReferenceQueue$Lock)
	at java.lang.ref.ReferenceQueue.remove(ReferenceQueue.java:164)
	at java.lang.ref.Finalizer$FinalizerThread.run(Finalizer.java:209)

"Reference Handler" #2 daemon prio=10 os_prio=0 tid=0x00007fdd90073000 nid=0x14ff in Object.wait() [0x00007fdd95f5c000]
   java.lang.Thread.State: WAITING (on object monitor)
	at java.lang.Object.wait(Native Method)
	- waiting on <0x00000000f0606af8> (a java.lang.ref.Reference$Lock)
	at java.lang.Object.wait(Object.java:502)
	at java.lang.ref.Reference$ReferenceHandler.run(Reference.java:157)
	- locked <0x00000000f0606af8> (a java.lang.ref.Reference$Lock)

"main" #1 prio=5 os_prio=0 tid=0x00007fdd90009800 nid=0x14fd runnable [0x00007fdd99ebd000]
   java.lang.Thread.State: RUNNABLE
	at java.net.PlainSocketImpl.socketAccept(Native Method)
	at java.net.AbstractPlainSocketImpl.accept(AbstractPlainSocketImpl.java:409)
	at java.net.ServerSocket.implAccept(ServerSocket.java:545)
	at java.net.ServerSocket.accept(ServerSocket.java:513)
	at TimeServer.main(TimeServer.java:28)

"VM Thread" os_prio=0 tid=0x00007fdd9006e000 nid=0x14fe runnable 

"VM Periodic Task Thread" os_prio=0 tid=0x00007fdd900b8000 nid=0x1505 waiting on condition 

JNI global references: 16

